[main][2017-12-24 21:31:14.607][localhost-startStop-1][DEBUG][org.springframework.context.annotation.ClassPathScanningCandidateComponentProvider][286]:Identified candidate component class: file [E:\newze\workspace\ssm_project\target\classes\com\liu\sysUser\dao\UserMapper.class]
[main][2017-12-24 21:31:14.608][localhost-startStop-1][DEBUG][org.mybatis.spring.mapper.ClassPathMapperScanner][164]:Creating MapperFactoryBean with name 'userMapper' and 'com.liu.sysUser.dao.UserMapper' mapperInterface
[main][2017-12-24 21:31:14.664][localhost-startStop-1][DEBUG][org.springframework.ui.context.support.UiApplicationContextUtils][85]:Unable to locate ThemeSource with name 'themeSource': using default [org.springframework.ui.context.support.ResourceBundleThemeSource@72c30598]
[main][2017-12-24 21:31:14.692][localhost-startStop-1][DEBUG][org.apache.ibatis.logging.LogFactory][128]:Logging initialized using 'class org.apache.ibatis.logging.slf4j.Slf4jImpl' adapter.
[main][2017-12-24 21:31:15.633][localhost-startStop-1][DEBUG][org.mybatis.spring.SqlSessionFactoryBean][431]:Parsed configuration file: 'class path resource [mybatis/mybatis-config.xml]'
[main][2017-12-24 21:31:15.749][localhost-startStop-1][DEBUG][org.mybatis.spring.SqlSessionFactoryBean][472]:Parsed mapper file: 'file [E:\newze\workspace\ssm_project\target\classes\com\liu\sysUser\mapper\UserMapper.xml]'
[main][2017-12-24 21:31:15.793][localhost-startStop-1][DEBUG][org.springframework.transaction.interceptor.NameMatchTransactionAttributeSource][96]:Adding transactional method [insert*] with attribute [PROPAGATION_REQUIRED,ISOLATION_DEFAULT]
[main][2017-12-24 21:31:15.794][localhost-startStop-1][DEBUG][org.springframework.transaction.interceptor.NameMatchTransactionAttributeSource][96]:Adding transactional method [update*] with attribute [PROPAGATION_REQUIRED,ISOLATION_DEFAULT]
[main][2017-12-24 21:31:15.794][localhost-startStop-1][DEBUG][org.springframework.transaction.interceptor.NameMatchTransactionAttributeSource][96]:Adding transactional method [delete*] with attribute [PROPAGATION_REQUIRED,ISOLATION_DEFAULT]
[main][2017-12-24 21:31:15.794][localhost-startStop-1][DEBUG][org.springframework.transaction.interceptor.NameMatchTransactionAttributeSource][96]:Adding transactional method [get*] with attribute [PROPAGATION_SUPPORTS,ISOLATION_DEFAULT,readOnly]
[main][2017-12-24 21:31:15.795][localhost-startStop-1][DEBUG][org.springframework.transaction.interceptor.NameMatchTransactionAttributeSource][96]:Adding transactional method [find*] with attribute [PROPAGATION_SUPPORTS,ISOLATION_DEFAULT,readOnly]
[main][2017-12-24 21:31:15.795][localhost-startStop-1][DEBUG][org.springframework.transaction.interceptor.NameMatchTransactionAttributeSource][96]:Adding transactional method [select*] with attribute [PROPAGATION_SUPPORTS,ISOLATION_DEFAULT,readOnly]
[main][2017-12-24 21:31:15.826][localhost-startStop-1][DEBUG][org.springframework.aop.framework.autoproxy.AbstractAutoProxyCreator][505]:Creating implicit proxy for bean 'userService' with 0 common interceptors and 2 specific interceptors
[main][2017-12-24 21:31:15.827][localhost-startStop-1][DEBUG][org.springframework.aop.framework.JdkDynamicAopProxy][117]:Creating JDK dynamic proxy: target source is SingletonTargetSource for target object [com.liu.sysUser.service.Impl.UserServiceImpl@73e24137]
[main][2017-12-24 21:31:15.927][localhost-startStop-1][DEBUG][org.springframework.ui.context.support.UiApplicationContextUtils][85]:Unable to locate ThemeSource with name 'themeSource': using default [org.springframework.ui.context.support.DelegatingThemeSource@4c088c54]
[main][2017-12-24 21:32:13.287][http-bio-8080-exec-10][DEBUG][org.mybatis.spring.SqlSessionUtils][104]:Creating a new SqlSession
[main][2017-12-24 21:32:13.296][http-bio-8080-exec-10][DEBUG][org.mybatis.spring.SqlSessionUtils][120]:Registering transaction synchronization for SqlSession [org.apache.ibatis.session.defaults.DefaultSqlSession@bdfa58d]
[main][2017-12-24 21:32:13.316][http-bio-8080-exec-10][DEBUG][org.springframework.jdbc.datasource.DataSourceUtils][110]:Fetching JDBC Connection from DataSource
[main][2017-12-24 21:32:13.327][http-bio-8080-exec-10][DEBUG][org.springframework.jdbc.datasource.DataSourceUtils][114]:Registering transaction synchronization for JDBC Connection
[main][2017-12-24 21:32:13.334][http-bio-8080-exec-10][DEBUG][org.mybatis.spring.transaction.SpringManagedTransaction][86]:JDBC Connection [com.alibaba.druid.proxy.jdbc.ConnectionProxyImpl@5d39b943] will be managed by Spring
[main][2017-12-24 21:32:13.345][http-bio-8080-exec-10][DEBUG][org.apache.ibatis.logging.jdbc.BaseJdbcLogger][139]:==>  Preparing: select * from t_user where USER_NAME=? and USER_PASSWORD=? 
[main][2017-12-24 21:32:13.428][http-bio-8080-exec-10][DEBUG][org.apache.ibatis.logging.jdbc.BaseJdbcLogger][139]:==> Parameters: 000125(String), 1(String)
[main][2017-12-24 21:32:13.626][http-bio-8080-exec-10][DEBUG][org.apache.ibatis.logging.jdbc.BaseJdbcLogger][139]:<==      Total: 0
[main][2017-12-24 21:32:13.628][http-bio-8080-exec-10][DEBUG][com.alibaba.druid.pool.PreparedStatementPool][123]:{conn-10001, pstmt-20000} enter cache
[main][2017-12-24 21:32:13.629][http-bio-8080-exec-10][DEBUG][org.mybatis.spring.SqlSessionUtils][163]:Releasing transactional SqlSession [org.apache.ibatis.session.defaults.DefaultSqlSession@bdfa58d]
[main][2017-12-24 21:32:13.630][http-bio-8080-exec-10][DEBUG][org.mybatis.spring.SqlSessionUtils$SqlSessionSynchronization][287]:Transaction synchronization deregistering SqlSession [org.apache.ibatis.session.defaults.DefaultSqlSession@bdfa58d]
[main][2017-12-24 21:32:13.631][http-bio-8080-exec-10][DEBUG][org.mybatis.spring.SqlSessionUtils$SqlSessionSynchronization][292]:Transaction synchronization closing SqlSession [org.apache.ibatis.session.defaults.DefaultSqlSession@bdfa58d]
[main][2017-12-24 21:32:13.633][http-bio-8080-exec-10][DEBUG][org.springframework.jdbc.datasource.DataSourceUtils][327]:Returning JDBC Connection to DataSource
[main][2017-12-24 22:15:37.201][main][DEBUG][org.springframework.test.context.junit4.SpringJUnit4ClassRunner][113]:SpringJUnit4ClassRunner constructor called with [class com.liu.test.TestUserService].
[main][2017-12-24 22:15:37.213][main][DEBUG][org.springframework.test.context.BootstrapUtils][78]:Instantiating TestContextBootstrapper from class [org.springframework.test.context.support.DefaultTestContextBootstrapper]
[main][2017-12-24 22:15:37.236][main][DEBUG][org.springframework.test.context.support.AbstractDelegatingSmartContextLoader][97]:Delegating to GenericXmlContextLoader to process context configuration [ContextConfigurationAttributes@1e67a849 declaringClass = 'com.liu.test.TestUserService', classes = '{}', locations = '{classpath:applicationContext.xml}', inheritLocations = true, initializers = '{}', inheritInitializers = true, name = [null], contextLoaderClass = 'org.springframework.test.context.ContextLoader'].
[main][2017-12-24 22:15:37.240][main][DEBUG][org.springframework.test.context.support.ActiveProfilesUtils][83]:Could not find an 'annotation declaring class' for annotation type [org.springframework.test.context.ActiveProfiles] and class [com.liu.test.TestUserService]
[main][2017-12-24 22:15:37.242][main][DEBUG][org.springframework.test.context.support.AbstractTestContextBootstrapper][113]:@TestExecutionListeners is not present for class [com.liu.test.TestUserService]: using defaults.
[main][2017-12-24 22:15:37.265][main][DEBUG][org.springframework.test.annotation.ProfileValueUtils][71]:Retrieved @ProfileValueSourceConfiguration [null] for test class [com.liu.test.TestUserService]
[main][2017-12-24 22:15:37.266][main][DEBUG][org.springframework.test.annotation.ProfileValueUtils][83]:Retrieved ProfileValueSource type [class org.springframework.test.annotation.SystemProfileValueSource] for class [com.liu.test.TestUserService]
[main][2017-12-24 22:15:37.278][main][DEBUG][org.springframework.test.annotation.ProfileValueUtils][71]:Retrieved @ProfileValueSourceConfiguration [null] for test class [com.liu.test.TestUserService]
[main][2017-12-24 22:15:37.278][main][DEBUG][org.springframework.test.annotation.ProfileValueUtils][83]:Retrieved ProfileValueSource type [class org.springframework.test.annotation.SystemProfileValueSource] for class [com.liu.test.TestUserService]
[main][2017-12-24 22:15:37.279][main][DEBUG][org.springframework.test.annotation.ProfileValueUtils][71]:Retrieved @ProfileValueSourceConfiguration [null] for test class [com.liu.test.TestUserService]
[main][2017-12-24 22:15:37.280][main][DEBUG][org.springframework.test.annotation.ProfileValueUtils][83]:Retrieved ProfileValueSource type [class org.springframework.test.annotation.SystemProfileValueSource] for class [com.liu.test.TestUserService]
[main][2017-12-24 22:15:37.281][main][DEBUG][org.springframework.test.annotation.ProfileValueUtils][71]:Retrieved @ProfileValueSourceConfiguration [null] for test class [com.liu.test.TestUserService]
[main][2017-12-24 22:15:37.281][main][DEBUG][org.springframework.test.annotation.ProfileValueUtils][83]:Retrieved ProfileValueSource type [class org.springframework.test.annotation.SystemProfileValueSource] for class [com.liu.test.TestUserService]
[main][2017-12-24 22:15:37.283][main][DEBUG][org.springframework.test.annotation.ProfileValueUtils][71]:Retrieved @ProfileValueSourceConfiguration [null] for test class [com.liu.test.TestUserService]
[main][2017-12-24 22:15:37.283][main][DEBUG][org.springframework.test.annotation.ProfileValueUtils][83]:Retrieved ProfileValueSource type [class org.springframework.test.annotation.SystemProfileValueSource] for class [com.liu.test.TestUserService]
[main][2017-12-24 22:15:37.286][main][DEBUG][org.springframework.test.context.support.DependencyInjectionTestExecutionListener][81]:Performing dependency injection for test context [[DefaultTestContext@63a65a25 testClass = TestUserService, testInstance = com.liu.test.TestUserService@45b9a632, testMethod = [null], testException = [null], mergedContextConfiguration = [MergedContextConfiguration@54c562f7 testClass = TestUserService, locations = '{classpath:applicationContext.xml}', classes = '{}', contextInitializerClasses = '[]', activeProfiles = '{}', propertySourceLocations = '{}', propertySourceProperties = '{}', contextLoader = 'org.springframework.test.context.support.DelegatingSmartContextLoader', parent = [null]]]].
[main][2017-12-24 22:15:37.286][main][DEBUG][org.springframework.test.context.support.AbstractDelegatingSmartContextLoader][107]:Delegating to GenericXmlContextLoader to load context from [MergedContextConfiguration@54c562f7 testClass = TestUserService, locations = '{classpath:applicationContext.xml}', classes = '{}', contextInitializerClasses = '[]', activeProfiles = '{}', propertySourceLocations = '{}', propertySourceProperties = '{}', contextLoader = 'org.springframework.test.context.support.DelegatingSmartContextLoader', parent = [null]].
[main][2017-12-24 22:15:37.287][main][DEBUG][org.springframework.test.context.support.AbstractGenericContextLoader][107]:Loading ApplicationContext for merged context configuration [[MergedContextConfiguration@54c562f7 testClass = TestUserService, locations = '{classpath:applicationContext.xml}', classes = '{}', contextInitializerClasses = '[]', activeProfiles = '{}', propertySourceLocations = '{}', propertySourceProperties = '{}', contextLoader = 'org.springframework.test.context.support.DelegatingSmartContextLoader', parent = [null]]].
[main][2017-12-24 22:15:37.732][main][DEBUG][org.springframework.context.annotation.ClassPathScanningCandidateComponentProvider][286]:Identified candidate component class: file [E:\newze\workspace\ssm_project\target\classes\com\liu\sysUser\dao\UserMapper.class]
[main][2017-12-24 22:15:37.732][main][DEBUG][org.mybatis.spring.mapper.ClassPathMapperScanner][164]:Creating MapperFactoryBean with name 'userMapper' and 'com.liu.sysUser.dao.UserMapper' mapperInterface
[main][2017-12-24 22:15:37.794][main][DEBUG][org.apache.ibatis.logging.LogFactory][128]:Logging initialized using 'class org.apache.ibatis.logging.slf4j.Slf4jImpl' adapter.
[main][2017-12-24 22:15:38.587][main][DEBUG][org.mybatis.spring.SqlSessionFactoryBean][431]:Parsed configuration file: 'class path resource [mybatis/mybatis-config.xml]'
[main][2017-12-24 22:15:38.684][main][DEBUG][org.mybatis.spring.SqlSessionFactoryBean][472]:Parsed mapper file: 'file [E:\newze\workspace\ssm_project\target\classes\com\liu\sysUser\mapper\UserMapper.xml]'
[main][2017-12-24 22:15:38.719][main][DEBUG][org.springframework.transaction.interceptor.NameMatchTransactionAttributeSource][96]:Adding transactional method [insert*] with attribute [PROPAGATION_REQUIRED,ISOLATION_DEFAULT]
[main][2017-12-24 22:15:38.720][main][DEBUG][org.springframework.transaction.interceptor.NameMatchTransactionAttributeSource][96]:Adding transactional method [update*] with attribute [PROPAGATION_REQUIRED,ISOLATION_DEFAULT]
[main][2017-12-24 22:15:38.720][main][DEBUG][org.springframework.transaction.interceptor.NameMatchTransactionAttributeSource][96]:Adding transactional method [delete*] with attribute [PROPAGATION_REQUIRED,ISOLATION_DEFAULT]
[main][2017-12-24 22:15:38.720][main][DEBUG][org.springframework.transaction.interceptor.NameMatchTransactionAttributeSource][96]:Adding transactional method [get*] with attribute [PROPAGATION_SUPPORTS,ISOLATION_DEFAULT,readOnly]
[main][2017-12-24 22:15:38.720][main][DEBUG][org.springframework.transaction.interceptor.NameMatchTransactionAttributeSource][96]:Adding transactional method [find*] with attribute [PROPAGATION_SUPPORTS,ISOLATION_DEFAULT,readOnly]
[main][2017-12-24 22:15:38.721][main][DEBUG][org.springframework.transaction.interceptor.NameMatchTransactionAttributeSource][96]:Adding transactional method [select*] with attribute [PROPAGATION_SUPPORTS,ISOLATION_DEFAULT,readOnly]
[main][2017-12-24 22:15:38.730][main][DEBUG][org.springframework.aop.framework.autoproxy.AbstractAutoProxyCreator][505]:Creating implicit proxy for bean 'userService' with 0 common interceptors and 2 specific interceptors
[main][2017-12-24 22:15:38.731][main][DEBUG][org.springframework.aop.framework.JdkDynamicAopProxy][117]:Creating JDK dynamic proxy: target source is SingletonTargetSource for target object [com.liu.sysUser.service.Impl.UserServiceImpl@63fdab07]
[main][2017-12-24 22:15:38.738][main][DEBUG][org.springframework.test.context.DefaultCacheAwareContextLoaderDelegate][88]:Storing ApplicationContext in cache under key [[MergedContextConfiguration@54c562f7 testClass = TestUserService, locations = '{classpath:applicationContext.xml}', classes = '{}', contextInitializerClasses = '[]', activeProfiles = '{}', propertySourceLocations = '{}', propertySourceProperties = '{}', contextLoader = 'org.springframework.test.context.support.DelegatingSmartContextLoader', parent = [null]]]
[main][2017-12-24 22:15:38.738][main][DEBUG][org.springframework.test.context.DefaultCacheAwareContextLoaderDelegate][105]:Spring test ApplicationContext cache statistics: [ContextCache@4e858e0a size = 1, hitCount = 0, missCount = 1, parentContextCount = 0]
[main][2017-12-24 22:15:38.760][main][DEBUG][org.mybatis.spring.SqlSessionUtils][104]:Creating a new SqlSession
[main][2017-12-24 22:15:38.765][main][DEBUG][org.mybatis.spring.SqlSessionUtils][120]:Registering transaction synchronization for SqlSession [org.apache.ibatis.session.defaults.DefaultSqlSession@3f0846c6]
[main][2017-12-24 22:15:38.776][main][DEBUG][org.springframework.jdbc.datasource.DataSourceUtils][110]:Fetching JDBC Connection from DataSource
[main][2017-12-24 22:15:38.783][main][DEBUG][org.springframework.jdbc.datasource.DataSourceUtils][114]:Registering transaction synchronization for JDBC Connection
[main][2017-12-24 22:15:38.787][main][DEBUG][org.mybatis.spring.transaction.SpringManagedTransaction][86]:JDBC Connection [com.alibaba.druid.proxy.jdbc.ConnectionProxyImpl@57fd91c9] will be managed by Spring
[main][2017-12-24 22:15:38.796][main][DEBUG][org.apache.ibatis.logging.jdbc.BaseJdbcLogger][139]:==>  Preparing: SELECT * FROM t_user WHERE USER_ID = ? 
[main][2017-12-24 22:15:38.845][main][DEBUG][org.apache.ibatis.logging.jdbc.BaseJdbcLogger][139]:==> Parameters: 1(Integer)
[main][2017-12-24 22:15:38.982][main][DEBUG][org.apache.ibatis.logging.jdbc.BaseJdbcLogger][139]:<==      Total: 1
[main][2017-12-24 22:15:38.983][main][DEBUG][com.alibaba.druid.pool.PreparedStatementPool][123]:{conn-10001, pstmt-20000} enter cache
[main][2017-12-24 22:15:38.985][main][DEBUG][org.mybatis.spring.SqlSessionUtils][163]:Releasing transactional SqlSession [org.apache.ibatis.session.defaults.DefaultSqlSession@3f0846c6]
[main][2017-12-24 22:15:38.987][main][DEBUG][org.mybatis.spring.SqlSessionUtils$SqlSessionSynchronization][287]:Transaction synchronization deregistering SqlSession [org.apache.ibatis.session.defaults.DefaultSqlSession@3f0846c6]
[main][2017-12-24 22:15:39.003][main][DEBUG][org.mybatis.spring.SqlSessionUtils$SqlSessionSynchronization][292]:Transaction synchronization closing SqlSession [org.apache.ibatis.session.defaults.DefaultSqlSession@3f0846c6]
[main][2017-12-24 22:15:39.006][main][DEBUG][org.springframework.jdbc.datasource.DataSourceUtils][327]:Returning JDBC Connection to DataSource
[main][2017-12-24 22:15:39.242][main][DEBUG][com.liu.test.TestUserService][39]:dffgnmj,.yjkl;;lkjvn;lfun------------------ceshi
[main][2017-12-24 22:15:39.243][main][DEBUG][org.springframework.test.context.support.DirtiesContextTestExecutionListener][86]:After test method: context [DefaultTestContext@63a65a25 testClass = TestUserService, testInstance = com.liu.test.TestUserService@45b9a632, testMethod = testQueryById1@TestUserService, testException = [null], mergedContextConfiguration = [MergedContextConfiguration@54c562f7 testClass = TestUserService, locations = '{classpath:applicationContext.xml}', classes = '{}', contextInitializerClasses = '[]', activeProfiles = '{}', propertySourceLocations = '{}', propertySourceProperties = '{}', contextLoader = 'org.springframework.test.context.support.DelegatingSmartContextLoader', parent = [null]]], class dirties context [false], class mode [null], method dirties context [false].
[main][2017-12-24 22:15:39.244][main][DEBUG][org.springframework.test.annotation.ProfileValueUtils][71]:Retrieved @ProfileValueSourceConfiguration [null] for test class [com.liu.test.TestUserService]
[main][2017-12-24 22:15:39.244][main][DEBUG][org.springframework.test.annotation.ProfileValueUtils][83]:Retrieved ProfileValueSource type [class org.springframework.test.annotation.SystemProfileValueSource] for class [com.liu.test.TestUserService]
[main][2017-12-24 22:15:39.245][main][DEBUG][org.springframework.test.context.support.DependencyInjectionTestExecutionListener][81]:Performing dependency injection for test context [[DefaultTestContext@63a65a25 testClass = TestUserService, testInstance = com.liu.test.TestUserService@5f3b9c57, testMethod = [null], testException = [null], mergedContextConfiguration = [MergedContextConfiguration@54c562f7 testClass = TestUserService, locations = '{classpath:applicationContext.xml}', classes = '{}', contextInitializerClasses = '[]', activeProfiles = '{}', propertySourceLocations = '{}', propertySourceProperties = '{}', contextLoader = 'org.springframework.test.context.support.DelegatingSmartContextLoader', parent = [null]]]].
[main][2017-12-24 22:15:39.245][main][DEBUG][org.springframework.test.context.DefaultCacheAwareContextLoaderDelegate][99]:Retrieved ApplicationContext from cache with key [[MergedContextConfiguration@54c562f7 testClass = TestUserService, locations = '{classpath:applicationContext.xml}', classes = '{}', contextInitializerClasses = '[]', activeProfiles = '{}', propertySourceLocations = '{}', propertySourceProperties = '{}', contextLoader = 'org.springframework.test.context.support.DelegatingSmartContextLoader', parent = [null]]]
[main][2017-12-24 22:15:39.245][main][DEBUG][org.springframework.test.context.DefaultCacheAwareContextLoaderDelegate][105]:Spring test ApplicationContext cache statistics: [ContextCache@4e858e0a size = 1, hitCount = 1, missCount = 1, parentContextCount = 0]
[main][2017-12-24 22:15:39.247][main][DEBUG][org.springframework.test.context.support.DirtiesContextTestExecutionListener][86]:After test method: context [DefaultTestContext@63a65a25 testClass = TestUserService, testInstance = com.liu.test.TestUserService@5f3b9c57, testMethod = get@TestUserService, testException = [null], mergedContextConfiguration = [MergedContextConfiguration@54c562f7 testClass = TestUserService, locations = '{classpath:applicationContext.xml}', classes = '{}', contextInitializerClasses = '[]', activeProfiles = '{}', propertySourceLocations = '{}', propertySourceProperties = '{}', contextLoader = 'org.springframework.test.context.support.DelegatingSmartContextLoader', parent = [null]]], class dirties context [false], class mode [null], method dirties context [false].
[main][2017-12-24 22:15:39.247][main][DEBUG][org.springframework.test.context.support.DirtiesContextTestExecutionListener][118]:After test class: context [DefaultTestContext@63a65a25 testClass = TestUserService, testInstance = [null], testMethod = [null], testException = [null], mergedContextConfiguration = [MergedContextConfiguration@54c562f7 testClass = TestUserService, locations = '{classpath:applicationContext.xml}', classes = '{}', contextInitializerClasses = '[]', activeProfiles = '{}', propertySourceLocations = '{}', propertySourceProperties = '{}', contextLoader = 'org.springframework.test.context.support.DelegatingSmartContextLoader', parent = [null]]], dirtiesContext [false].
[main][2017-12-24 22:15:39.251][Thread-1][DEBUG][com.alibaba.druid.pool.PreparedStatementPool][154]:{conn-10001, pstmt-20000} exit cache
[main][2017-12-24 22:16:36.451][main][DEBUG][org.springframework.test.context.junit4.SpringJUnit4ClassRunner][113]:SpringJUnit4ClassRunner constructor called with [class com.liu.test.TestUserService].
[main][2017-12-24 22:16:36.459][main][DEBUG][org.springframework.test.context.BootstrapUtils][78]:Instantiating TestContextBootstrapper from class [org.springframework.test.context.support.DefaultTestContextBootstrapper]
[main][2017-12-24 22:16:36.482][main][DEBUG][org.springframework.test.context.support.AbstractDelegatingSmartContextLoader][97]:Delegating to GenericXmlContextLoader to process context configuration [ContextConfigurationAttributes@1e67a849 declaringClass = 'com.liu.test.TestUserService', classes = '{}', locations = '{classpath:applicationContext.xml}', inheritLocations = true, initializers = '{}', inheritInitializers = true, name = [null], contextLoaderClass = 'org.springframework.test.context.ContextLoader'].
[main][2017-12-24 22:16:36.485][main][DEBUG][org.springframework.test.context.support.ActiveProfilesUtils][83]:Could not find an 'annotation declaring class' for annotation type [org.springframework.test.context.ActiveProfiles] and class [com.liu.test.TestUserService]
[main][2017-12-24 22:16:36.488][main][DEBUG][org.springframework.test.context.support.AbstractTestContextBootstrapper][113]:@TestExecutionListeners is not present for class [com.liu.test.TestUserService]: using defaults.
[main][2017-12-24 22:16:36.507][main][DEBUG][org.springframework.test.annotation.ProfileValueUtils][71]:Retrieved @ProfileValueSourceConfiguration [null] for test class [com.liu.test.TestUserService]
[main][2017-12-24 22:16:36.507][main][DEBUG][org.springframework.test.annotation.ProfileValueUtils][83]:Retrieved ProfileValueSource type [class org.springframework.test.annotation.SystemProfileValueSource] for class [com.liu.test.TestUserService]
[main][2017-12-24 22:16:36.517][main][DEBUG][org.springframework.test.annotation.ProfileValueUtils][71]:Retrieved @ProfileValueSourceConfiguration [null] for test class [com.liu.test.TestUserService]
[main][2017-12-24 22:16:36.518][main][DEBUG][org.springframework.test.annotation.ProfileValueUtils][83]:Retrieved ProfileValueSource type [class org.springframework.test.annotation.SystemProfileValueSource] for class [com.liu.test.TestUserService]
[main][2017-12-24 22:16:36.518][main][DEBUG][org.springframework.test.annotation.ProfileValueUtils][71]:Retrieved @ProfileValueSourceConfiguration [null] for test class [com.liu.test.TestUserService]
[main][2017-12-24 22:16:36.519][main][DEBUG][org.springframework.test.annotation.ProfileValueUtils][83]:Retrieved ProfileValueSource type [class org.springframework.test.annotation.SystemProfileValueSource] for class [com.liu.test.TestUserService]
[main][2017-12-24 22:16:36.519][main][DEBUG][org.springframework.test.annotation.ProfileValueUtils][71]:Retrieved @ProfileValueSourceConfiguration [null] for test class [com.liu.test.TestUserService]
[main][2017-12-24 22:16:36.520][main][DEBUG][org.springframework.test.annotation.ProfileValueUtils][83]:Retrieved ProfileValueSource type [class org.springframework.test.annotation.SystemProfileValueSource] for class [com.liu.test.TestUserService]
[main][2017-12-24 22:16:36.521][main][DEBUG][org.springframework.test.annotation.ProfileValueUtils][71]:Retrieved @ProfileValueSourceConfiguration [null] for test class [com.liu.test.TestUserService]
[main][2017-12-24 22:16:36.521][main][DEBUG][org.springframework.test.annotation.ProfileValueUtils][83]:Retrieved ProfileValueSource type [class org.springframework.test.annotation.SystemProfileValueSource] for class [com.liu.test.TestUserService]
[main][2017-12-24 22:16:36.523][main][DEBUG][org.springframework.test.context.support.DependencyInjectionTestExecutionListener][81]:Performing dependency injection for test context [[DefaultTestContext@63a65a25 testClass = TestUserService, testInstance = com.liu.test.TestUserService@45b9a632, testMethod = [null], testException = [null], mergedContextConfiguration = [MergedContextConfiguration@54c562f7 testClass = TestUserService, locations = '{classpath:applicationContext.xml}', classes = '{}', contextInitializerClasses = '[]', activeProfiles = '{}', propertySourceLocations = '{}', propertySourceProperties = '{}', contextLoader = 'org.springframework.test.context.support.DelegatingSmartContextLoader', parent = [null]]]].
[main][2017-12-24 22:16:36.524][main][DEBUG][org.springframework.test.context.support.AbstractDelegatingSmartContextLoader][107]:Delegating to GenericXmlContextLoader to load context from [MergedContextConfiguration@54c562f7 testClass = TestUserService, locations = '{classpath:applicationContext.xml}', classes = '{}', contextInitializerClasses = '[]', activeProfiles = '{}', propertySourceLocations = '{}', propertySourceProperties = '{}', contextLoader = 'org.springframework.test.context.support.DelegatingSmartContextLoader', parent = [null]].
[main][2017-12-24 22:16:36.524][main][DEBUG][org.springframework.test.context.support.AbstractGenericContextLoader][107]:Loading ApplicationContext for merged context configuration [[MergedContextConfiguration@54c562f7 testClass = TestUserService, locations = '{classpath:applicationContext.xml}', classes = '{}', contextInitializerClasses = '[]', activeProfiles = '{}', propertySourceLocations = '{}', propertySourceProperties = '{}', contextLoader = 'org.springframework.test.context.support.DelegatingSmartContextLoader', parent = [null]]].
[main][2017-12-24 22:16:36.897][main][DEBUG][org.springframework.context.annotation.ClassPathScanningCandidateComponentProvider][286]:Identified candidate component class: file [E:\newze\workspace\ssm_project\target\classes\com\liu\sysUser\dao\UserMapper.class]
[main][2017-12-24 22:16:36.898][main][DEBUG][org.mybatis.spring.mapper.ClassPathMapperScanner][164]:Creating MapperFactoryBean with name 'userMapper' and 'com.liu.sysUser.dao.UserMapper' mapperInterface
[main][2017-12-24 22:16:36.965][main][DEBUG][org.apache.ibatis.logging.LogFactory][128]:Logging initialized using 'class org.apache.ibatis.logging.slf4j.Slf4jImpl' adapter.
[main][2017-12-24 22:16:37.785][main][DEBUG][org.mybatis.spring.SqlSessionFactoryBean][431]:Parsed configuration file: 'class path resource [mybatis/mybatis-config.xml]'
[main][2017-12-24 22:16:37.854][main][DEBUG][org.mybatis.spring.SqlSessionFactoryBean][472]:Parsed mapper file: 'file [E:\newze\workspace\ssm_project\target\classes\com\liu\sysUser\mapper\UserMapper.xml]'
[main][2017-12-24 22:16:37.890][main][DEBUG][org.springframework.transaction.interceptor.NameMatchTransactionAttributeSource][96]:Adding transactional method [insert*] with attribute [PROPAGATION_REQUIRED,ISOLATION_DEFAULT]
[main][2017-12-24 22:16:37.890][main][DEBUG][org.springframework.transaction.interceptor.NameMatchTransactionAttributeSource][96]:Adding transactional method [update*] with attribute [PROPAGATION_REQUIRED,ISOLATION_DEFAULT]
[main][2017-12-24 22:16:37.891][main][DEBUG][org.springframework.transaction.interceptor.NameMatchTransactionAttributeSource][96]:Adding transactional method [delete*] with attribute [PROPAGATION_REQUIRED,ISOLATION_DEFAULT]
[main][2017-12-24 22:16:37.891][main][DEBUG][org.springframework.transaction.interceptor.NameMatchTransactionAttributeSource][96]:Adding transactional method [get*] with attribute [PROPAGATION_SUPPORTS,ISOLATION_DEFAULT,readOnly]
[main][2017-12-24 22:16:37.891][main][DEBUG][org.springframework.transaction.interceptor.NameMatchTransactionAttributeSource][96]:Adding transactional method [find*] with attribute [PROPAGATION_SUPPORTS,ISOLATION_DEFAULT,readOnly]
[main][2017-12-24 22:16:37.891][main][DEBUG][org.springframework.transaction.interceptor.NameMatchTransactionAttributeSource][96]:Adding transactional method [select*] with attribute [PROPAGATION_SUPPORTS,ISOLATION_DEFAULT,readOnly]
[main][2017-12-24 22:16:37.899][main][DEBUG][org.springframework.aop.framework.autoproxy.AbstractAutoProxyCreator][505]:Creating implicit proxy for bean 'userService' with 0 common interceptors and 2 specific interceptors
[main][2017-12-24 22:16:37.900][main][DEBUG][org.springframework.aop.framework.JdkDynamicAopProxy][117]:Creating JDK dynamic proxy: target source is SingletonTargetSource for target object [com.liu.sysUser.service.Impl.UserServiceImpl@424fd310]
[main][2017-12-24 22:16:37.908][main][DEBUG][org.springframework.test.context.DefaultCacheAwareContextLoaderDelegate][88]:Storing ApplicationContext in cache under key [[MergedContextConfiguration@54c562f7 testClass = TestUserService, locations = '{classpath:applicationContext.xml}', classes = '{}', contextInitializerClasses = '[]', activeProfiles = '{}', propertySourceLocations = '{}', propertySourceProperties = '{}', contextLoader = 'org.springframework.test.context.support.DelegatingSmartContextLoader', parent = [null]]]
[main][2017-12-24 22:16:37.909][main][DEBUG][org.springframework.test.context.DefaultCacheAwareContextLoaderDelegate][105]:Spring test ApplicationContext cache statistics: [ContextCache@7fe7c640 size = 1, hitCount = 0, missCount = 1, parentContextCount = 0]
[main][2017-12-24 22:16:37.934][main][DEBUG][org.mybatis.spring.SqlSessionUtils][104]:Creating a new SqlSession
[main][2017-12-24 22:16:37.947][main][DEBUG][org.mybatis.spring.SqlSessionUtils][120]:Registering transaction synchronization for SqlSession [org.apache.ibatis.session.defaults.DefaultSqlSession@488eb7f2]
[main][2017-12-24 22:16:37.967][main][DEBUG][org.springframework.jdbc.datasource.DataSourceUtils][110]:Fetching JDBC Connection from DataSource
[main][2017-12-24 22:16:37.977][main][DEBUG][org.springframework.jdbc.datasource.DataSourceUtils][114]:Registering transaction synchronization for JDBC Connection
[main][2017-12-24 22:16:37.980][main][DEBUG][org.mybatis.spring.transaction.SpringManagedTransaction][86]:JDBC Connection [com.alibaba.druid.proxy.jdbc.ConnectionProxyImpl@62f4ff3b] will be managed by Spring
[main][2017-12-24 22:16:37.985][main][DEBUG][org.apache.ibatis.logging.jdbc.BaseJdbcLogger][139]:==>  Preparing: SELECT * FROM t_user WHERE USER_ID = ? 
[main][2017-12-24 22:16:38.042][main][DEBUG][org.apache.ibatis.logging.jdbc.BaseJdbcLogger][139]:==> Parameters: 1(Integer)
[main][2017-12-24 22:16:38.184][main][DEBUG][org.apache.ibatis.logging.jdbc.BaseJdbcLogger][139]:<==      Total: 1
[main][2017-12-24 22:16:38.185][main][DEBUG][com.alibaba.druid.pool.PreparedStatementPool][123]:{conn-10001, pstmt-20000} enter cache
[main][2017-12-24 22:16:38.186][main][DEBUG][org.mybatis.spring.SqlSessionUtils][163]:Releasing transactional SqlSession [org.apache.ibatis.session.defaults.DefaultSqlSession@488eb7f2]
[main][2017-12-24 22:16:38.187][main][DEBUG][org.mybatis.spring.SqlSessionUtils$SqlSessionSynchronization][287]:Transaction synchronization deregistering SqlSession [org.apache.ibatis.session.defaults.DefaultSqlSession@488eb7f2]
[main][2017-12-24 22:16:38.193][main][DEBUG][org.mybatis.spring.SqlSessionUtils$SqlSessionSynchronization][292]:Transaction synchronization closing SqlSession [org.apache.ibatis.session.defaults.DefaultSqlSession@488eb7f2]
[main][2017-12-24 22:16:38.197][main][DEBUG][org.springframework.jdbc.datasource.DataSourceUtils][327]:Returning JDBC Connection to DataSource
[main][2017-12-24 22:16:38.328][main][DEBUG][com.liu.test.TestUserService][39]:dffgnmj,.yjkl;;lkjvn;lfun------------------ceshi
[main][2017-12-24 22:16:38.329][main][DEBUG][org.springframework.test.context.support.DirtiesContextTestExecutionListener][86]:After test method: context [DefaultTestContext@63a65a25 testClass = TestUserService, testInstance = com.liu.test.TestUserService@45b9a632, testMethod = testQueryById1@TestUserService, testException = [null], mergedContextConfiguration = [MergedContextConfiguration@54c562f7 testClass = TestUserService, locations = '{classpath:applicationContext.xml}', classes = '{}', contextInitializerClasses = '[]', activeProfiles = '{}', propertySourceLocations = '{}', propertySourceProperties = '{}', contextLoader = 'org.springframework.test.context.support.DelegatingSmartContextLoader', parent = [null]]], class dirties context [false], class mode [null], method dirties context [false].
[main][2017-12-24 22:16:38.330][main][DEBUG][org.springframework.test.annotation.ProfileValueUtils][71]:Retrieved @ProfileValueSourceConfiguration [null] for test class [com.liu.test.TestUserService]
[main][2017-12-24 22:16:38.330][main][DEBUG][org.springframework.test.annotation.ProfileValueUtils][83]:Retrieved ProfileValueSource type [class org.springframework.test.annotation.SystemProfileValueSource] for class [com.liu.test.TestUserService]
[main][2017-12-24 22:16:38.330][main][DEBUG][org.springframework.test.context.support.DependencyInjectionTestExecutionListener][81]:Performing dependency injection for test context [[DefaultTestContext@63a65a25 testClass = TestUserService, testInstance = com.liu.test.TestUserService@5f59185e, testMethod = [null], testException = [null], mergedContextConfiguration = [MergedContextConfiguration@54c562f7 testClass = TestUserService, locations = '{classpath:applicationContext.xml}', classes = '{}', contextInitializerClasses = '[]', activeProfiles = '{}', propertySourceLocations = '{}', propertySourceProperties = '{}', contextLoader = 'org.springframework.test.context.support.DelegatingSmartContextLoader', parent = [null]]]].
[main][2017-12-24 22:16:38.331][main][DEBUG][org.springframework.test.context.DefaultCacheAwareContextLoaderDelegate][99]:Retrieved ApplicationContext from cache with key [[MergedContextConfiguration@54c562f7 testClass = TestUserService, locations = '{classpath:applicationContext.xml}', classes = '{}', contextInitializerClasses = '[]', activeProfiles = '{}', propertySourceLocations = '{}', propertySourceProperties = '{}', contextLoader = 'org.springframework.test.context.support.DelegatingSmartContextLoader', parent = [null]]]
[main][2017-12-24 22:16:38.331][main][DEBUG][org.springframework.test.context.DefaultCacheAwareContextLoaderDelegate][105]:Spring test ApplicationContext cache statistics: [ContextCache@7fe7c640 size = 1, hitCount = 1, missCount = 1, parentContextCount = 0]
[main][2017-12-24 22:16:38.332][main][DEBUG][org.springframework.test.context.support.DirtiesContextTestExecutionListener][86]:After test method: context [DefaultTestContext@63a65a25 testClass = TestUserService, testInstance = com.liu.test.TestUserService@5f59185e, testMethod = get@TestUserService, testException = [null], mergedContextConfiguration = [MergedContextConfiguration@54c562f7 testClass = TestUserService, locations = '{classpath:applicationContext.xml}', classes = '{}', contextInitializerClasses = '[]', activeProfiles = '{}', propertySourceLocations = '{}', propertySourceProperties = '{}', contextLoader = 'org.springframework.test.context.support.DelegatingSmartContextLoader', parent = [null]]], class dirties context [false], class mode [null], method dirties context [false].
[main][2017-12-24 22:16:38.333][main][DEBUG][org.springframework.test.context.support.DirtiesContextTestExecutionListener][118]:After test class: context [DefaultTestContext@63a65a25 testClass = TestUserService, testInstance = [null], testMethod = [null], testException = [null], mergedContextConfiguration = [MergedContextConfiguration@54c562f7 testClass = TestUserService, locations = '{classpath:applicationContext.xml}', classes = '{}', contextInitializerClasses = '[]', activeProfiles = '{}', propertySourceLocations = '{}', propertySourceProperties = '{}', contextLoader = 'org.springframework.test.context.support.DelegatingSmartContextLoader', parent = [null]]], dirtiesContext [false].
[main][2017-12-24 22:16:38.338][Thread-1][DEBUG][com.alibaba.druid.pool.PreparedStatementPool][154]:{conn-10001, pstmt-20000} exit cache
